Determining if the pthread_create exist failed with the following output:
Change Dir: /home/austin/Jetson-TX2-tutorial/Recognition_With_Cam/CMakeFiles/CMakeTmp

Run Build Command:"/usr/bin/make" "cmTC_20617/fast"
/usr/bin/make -f CMakeFiles/cmTC_20617.dir/build.make CMakeFiles/cmTC_20617.dir/build
make[1]: Entering directory '/home/austin/Jetson-TX2-tutorial/Recognition_With_Cam/CMakeFiles/CMakeTmp'
Building C object CMakeFiles/cmTC_20617.dir/CheckSymbolExists.c.o
/usr/bin/cc   -fPIC    -o CMakeFiles/cmTC_20617.dir/CheckSymbolExists.c.o   -c /home/austin/Jetson-TX2-tutorial/Recognition_With_Cam/CMakeFiles/CMakeTmp/CheckSymbolExists.c
Linking C executable cmTC_20617
/usr/bin/cmake -E cmake_link_script CMakeFiles/cmTC_20617.dir/link.txt --verbose=1
/usr/bin/cc -fPIC     -rdynamic CMakeFiles/cmTC_20617.dir/CheckSymbolExists.c.o  -o cmTC_20617 
CMakeFiles/cmTC_20617.dir/CheckSymbolExists.c.o: In function `main':
CheckSymbolExists.c:(.text+0x14): undefined reference to `pthread_create'
CheckSymbolExists.c:(.text+0x18): undefined reference to `pthread_create'
collect2: error: ld returned 1 exit status
CMakeFiles/cmTC_20617.dir/build.make:97: recipe for target 'cmTC_20617' failed
make[1]: *** [cmTC_20617] Error 1
make[1]: Leaving directory '/home/austin/Jetson-TX2-tutorial/Recognition_With_Cam/CMakeFiles/CMakeTmp'
Makefile:126: recipe for target 'cmTC_20617/fast' failed
make: *** [cmTC_20617/fast] Error 2

File /home/austin/Jetson-TX2-tutorial/Recognition_With_Cam/CMakeFiles/CMakeTmp/CheckSymbolExists.c:
/* */
#include <pthread.h>

int main(int argc, char** argv)
{
  (void)argv;
#ifndef pthread_create
  return ((int*)(&pthread_create))[argc];
#else
  (void)argc;
  return 0;
#endif
}

Determining if the function pthread_create exists in the pthreads failed with the following output:
Change Dir: /home/austin/Jetson-TX2-tutorial/Recognition_With_Cam/CMakeFiles/CMakeTmp

Run Build Command:"/usr/bin/make" "cmTC_e1bb9/fast"
/usr/bin/make -f CMakeFiles/cmTC_e1bb9.dir/build.make CMakeFiles/cmTC_e1bb9.dir/build
make[1]: Entering directory '/home/austin/Jetson-TX2-tutorial/Recognition_With_Cam/CMakeFiles/CMakeTmp'
Building C object CMakeFiles/cmTC_e1bb9.dir/CheckFunctionExists.c.o
/usr/bin/cc   -fPIC -DCHECK_FUNCTION_EXISTS=pthread_create   -o CMakeFiles/cmTC_e1bb9.dir/CheckFunctionExists.c.o   -c /usr/share/cmake-3.10/Modules/CheckFunctionExists.c
Linking C executable cmTC_e1bb9
/usr/bin/cmake -E cmake_link_script CMakeFiles/cmTC_e1bb9.dir/link.txt --verbose=1
/usr/bin/cc -fPIC -DCHECK_FUNCTION_EXISTS=pthread_create    -rdynamic CMakeFiles/cmTC_e1bb9.dir/CheckFunctionExists.c.o  -o cmTC_e1bb9 -lpthreads 
/usr/bin/ld: cannot find -lpthreads
collect2: error: ld returned 1 exit status
CMakeFiles/cmTC_e1bb9.dir/build.make:97: recipe for target 'cmTC_e1bb9' failed
make[1]: *** [cmTC_e1bb9] Error 1
make[1]: Leaving directory '/home/austin/Jetson-TX2-tutorial/Recognition_With_Cam/CMakeFiles/CMakeTmp'
Makefile:126: recipe for target 'cmTC_e1bb9/fast' failed
make: *** [cmTC_e1bb9/fast] Error 2


