Determining if the pthread_create exist failed with the following output:
Change Dir: /home/austin/my-recognition/CMakeFiles/CMakeTmp

Run Build Command:"/usr/bin/make" "cmTC_1bbb2/fast"
/usr/bin/make -f CMakeFiles/cmTC_1bbb2.dir/build.make CMakeFiles/cmTC_1bbb2.dir/build
make[1]: Entering directory '/home/austin/my-recognition/CMakeFiles/CMakeTmp'
Building C object CMakeFiles/cmTC_1bbb2.dir/CheckSymbolExists.c.o
/usr/bin/cc   -fPIC    -o CMakeFiles/cmTC_1bbb2.dir/CheckSymbolExists.c.o   -c /home/austin/my-recognition/CMakeFiles/CMakeTmp/CheckSymbolExists.c
Linking C executable cmTC_1bbb2
/usr/bin/cmake -E cmake_link_script CMakeFiles/cmTC_1bbb2.dir/link.txt --verbose=1
/usr/bin/cc -fPIC     -rdynamic CMakeFiles/cmTC_1bbb2.dir/CheckSymbolExists.c.o  -o cmTC_1bbb2 
CMakeFiles/cmTC_1bbb2.dir/CheckSymbolExists.c.o: In function `main':
CheckSymbolExists.c:(.text+0x14): undefined reference to `pthread_create'
CheckSymbolExists.c:(.text+0x18): undefined reference to `pthread_create'
collect2: error: ld returned 1 exit status
CMakeFiles/cmTC_1bbb2.dir/build.make:97: recipe for target 'cmTC_1bbb2' failed
make[1]: *** [cmTC_1bbb2] Error 1
make[1]: Leaving directory '/home/austin/my-recognition/CMakeFiles/CMakeTmp'
Makefile:126: recipe for target 'cmTC_1bbb2/fast' failed
make: *** [cmTC_1bbb2/fast] Error 2

File /home/austin/my-recognition/CMakeFiles/CMakeTmp/CheckSymbolExists.c:
/* */
#include <pthread.h>

int main(int argc, char** argv)
{
  (void)argv;
#ifndef pthread_create
  return ((int*)(&pthread_create))[argc];
#else
  (void)argc;
  return 0;
#endif
}

Determining if the function pthread_create exists in the pthreads failed with the following output:
Change Dir: /home/austin/my-recognition/CMakeFiles/CMakeTmp

Run Build Command:"/usr/bin/make" "cmTC_9a425/fast"
/usr/bin/make -f CMakeFiles/cmTC_9a425.dir/build.make CMakeFiles/cmTC_9a425.dir/build
make[1]: Entering directory '/home/austin/my-recognition/CMakeFiles/CMakeTmp'
Building C object CMakeFiles/cmTC_9a425.dir/CheckFunctionExists.c.o
/usr/bin/cc   -fPIC -DCHECK_FUNCTION_EXISTS=pthread_create   -o CMakeFiles/cmTC_9a425.dir/CheckFunctionExists.c.o   -c /usr/share/cmake-3.10/Modules/CheckFunctionExists.c
Linking C executable cmTC_9a425
/usr/bin/cmake -E cmake_link_script CMakeFiles/cmTC_9a425.dir/link.txt --verbose=1
/usr/bin/cc -fPIC -DCHECK_FUNCTION_EXISTS=pthread_create    -rdynamic CMakeFiles/cmTC_9a425.dir/CheckFunctionExists.c.o  -o cmTC_9a425 -lpthreads 
/usr/bin/ld: cannot find -lpthreads
collect2: error: ld returned 1 exit status
CMakeFiles/cmTC_9a425.dir/build.make:97: recipe for target 'cmTC_9a425' failed
make[1]: *** [cmTC_9a425] Error 1
make[1]: Leaving directory '/home/austin/my-recognition/CMakeFiles/CMakeTmp'
Makefile:126: recipe for target 'cmTC_9a425/fast' failed
make: *** [cmTC_9a425/fast] Error 2


Determining if the Q_WS_WIN exist failed with the following output:
Change Dir: /home/austin/my-recognition/CMakeFiles/CMakeTmp

Run Build Command:"/usr/bin/make" "cmTC_e062a/fast"
/usr/bin/make -f CMakeFiles/cmTC_e062a.dir/build.make CMakeFiles/cmTC_e062a.dir/build
make[1]: Entering directory '/home/austin/my-recognition/CMakeFiles/CMakeTmp'
Building CXX object CMakeFiles/cmTC_e062a.dir/CheckSymbolExists.cxx.o
/usr/bin/c++   -I/usr/include/qt4   -o CMakeFiles/cmTC_e062a.dir/CheckSymbolExists.cxx.o -c /home/austin/my-recognition/CMakeFiles/CMakeTmp/CheckSymbolExists.cxx
/home/austin/my-recognition/CMakeFiles/CMakeTmp/CheckSymbolExists.cxx: In function ‘int main(int, char**)’:
/home/austin/my-recognition/CMakeFiles/CMakeTmp/CheckSymbolExists.cxx:8:19: error: ‘Q_WS_WIN’ was not declared in this scope
   return ((int*)(&Q_WS_WIN))[argc];
                   ^~~~~~~~
/home/austin/my-recognition/CMakeFiles/CMakeTmp/CheckSymbolExists.cxx:8:19: note: suggested alternative: ‘Q_WS_X11’
   return ((int*)(&Q_WS_WIN))[argc];
                   ^~~~~~~~
                   Q_WS_X11
CMakeFiles/cmTC_e062a.dir/build.make:65: recipe for target 'CMakeFiles/cmTC_e062a.dir/CheckSymbolExists.cxx.o' failed
make[1]: *** [CMakeFiles/cmTC_e062a.dir/CheckSymbolExists.cxx.o] Error 1
make[1]: Leaving directory '/home/austin/my-recognition/CMakeFiles/CMakeTmp'
Makefile:126: recipe for target 'cmTC_e062a/fast' failed
make: *** [cmTC_e062a/fast] Error 2

File /home/austin/my-recognition/CMakeFiles/CMakeTmp/CheckSymbolExists.cxx:
/* */
#include <QtCore/qglobal.h>

int main(int argc, char** argv)
{
  (void)argv;
#ifndef Q_WS_WIN
  return ((int*)(&Q_WS_WIN))[argc];
#else
  (void)argc;
  return 0;
#endif
}

Determining if the Q_WS_QWS exist failed with the following output:
Change Dir: /home/austin/my-recognition/CMakeFiles/CMakeTmp

Run Build Command:"/usr/bin/make" "cmTC_8ded2/fast"
/usr/bin/make -f CMakeFiles/cmTC_8ded2.dir/build.make CMakeFiles/cmTC_8ded2.dir/build
make[1]: Entering directory '/home/austin/my-recognition/CMakeFiles/CMakeTmp'
Building CXX object CMakeFiles/cmTC_8ded2.dir/CheckSymbolExists.cxx.o
/usr/bin/c++   -I/usr/include/qt4   -o CMakeFiles/cmTC_8ded2.dir/CheckSymbolExists.cxx.o -c /home/austin/my-recognition/CMakeFiles/CMakeTmp/CheckSymbolExists.cxx
/home/austin/my-recognition/CMakeFiles/CMakeTmp/CheckSymbolExists.cxx: In function ‘int main(int, char**)’:
/home/austin/my-recognition/CMakeFiles/CMakeTmp/CheckSymbolExists.cxx:8:19: error: ‘Q_WS_QWS’ was not declared in this scope
   return ((int*)(&Q_WS_QWS))[argc];
                   ^~~~~~~~
/home/austin/my-recognition/CMakeFiles/CMakeTmp/CheckSymbolExists.cxx:8:19: note: suggested alternative: ‘Q_WS_X11’
   return ((int*)(&Q_WS_QWS))[argc];
                   ^~~~~~~~
                   Q_WS_X11
CMakeFiles/cmTC_8ded2.dir/build.make:65: recipe for target 'CMakeFiles/cmTC_8ded2.dir/CheckSymbolExists.cxx.o' failed
make[1]: *** [CMakeFiles/cmTC_8ded2.dir/CheckSymbolExists.cxx.o] Error 1
make[1]: Leaving directory '/home/austin/my-recognition/CMakeFiles/CMakeTmp'
Makefile:126: recipe for target 'cmTC_8ded2/fast' failed
make: *** [cmTC_8ded2/fast] Error 2

File /home/austin/my-recognition/CMakeFiles/CMakeTmp/CheckSymbolExists.cxx:
/* */
#include <QtCore/qglobal.h>

int main(int argc, char** argv)
{
  (void)argv;
#ifndef Q_WS_QWS
  return ((int*)(&Q_WS_QWS))[argc];
#else
  (void)argc;
  return 0;
#endif
}

Determining if the Q_WS_MAC exist failed with the following output:
Change Dir: /home/austin/my-recognition/CMakeFiles/CMakeTmp

Run Build Command:"/usr/bin/make" "cmTC_0415b/fast"
/usr/bin/make -f CMakeFiles/cmTC_0415b.dir/build.make CMakeFiles/cmTC_0415b.dir/build
make[1]: Entering directory '/home/austin/my-recognition/CMakeFiles/CMakeTmp'
Building CXX object CMakeFiles/cmTC_0415b.dir/CheckSymbolExists.cxx.o
/usr/bin/c++   -I/usr/include/qt4   -o CMakeFiles/cmTC_0415b.dir/CheckSymbolExists.cxx.o -c /home/austin/my-recognition/CMakeFiles/CMakeTmp/CheckSymbolExists.cxx
/home/austin/my-recognition/CMakeFiles/CMakeTmp/CheckSymbolExists.cxx: In function ‘int main(int, char**)’:
/home/austin/my-recognition/CMakeFiles/CMakeTmp/CheckSymbolExists.cxx:8:19: error: ‘Q_WS_MAC’ was not declared in this scope
   return ((int*)(&Q_WS_MAC))[argc];
                   ^~~~~~~~
/home/austin/my-recognition/CMakeFiles/CMakeTmp/CheckSymbolExists.cxx:8:19: note: suggested alternative: ‘Q_WS_X11’
   return ((int*)(&Q_WS_MAC))[argc];
                   ^~~~~~~~
                   Q_WS_X11
CMakeFiles/cmTC_0415b.dir/build.make:65: recipe for target 'CMakeFiles/cmTC_0415b.dir/CheckSymbolExists.cxx.o' failed
make[1]: *** [CMakeFiles/cmTC_0415b.dir/CheckSymbolExists.cxx.o] Error 1
make[1]: Leaving directory '/home/austin/my-recognition/CMakeFiles/CMakeTmp'
Makefile:126: recipe for target 'cmTC_0415b/fast' failed
make: *** [cmTC_0415b/fast] Error 2

File /home/austin/my-recognition/CMakeFiles/CMakeTmp/CheckSymbolExists.cxx:
/* */
#include <QtCore/qglobal.h>

int main(int argc, char** argv)
{
  (void)argv;
#ifndef Q_WS_MAC
  return ((int*)(&Q_WS_MAC))[argc];
#else
  (void)argc;
  return 0;
#endif
}

Determining if the pthread_create exist failed with the following output:
Change Dir: /home/austin/Jetson-TX2-tutorial/CMakeFiles/CMakeTmp

Run Build Command:"/usr/bin/make" "cmTC_1dea8/fast"
/usr/bin/make -f CMakeFiles/cmTC_1dea8.dir/build.make CMakeFiles/cmTC_1dea8.dir/build
make[1]: Entering directory '/home/austin/Jetson-TX2-tutorial/CMakeFiles/CMakeTmp'
Building C object CMakeFiles/cmTC_1dea8.dir/CheckSymbolExists.c.o
/usr/bin/cc   -fPIC    -o CMakeFiles/cmTC_1dea8.dir/CheckSymbolExists.c.o   -c /home/austin/Jetson-TX2-tutorial/CMakeFiles/CMakeTmp/CheckSymbolExists.c
Linking C executable cmTC_1dea8
/usr/bin/cmake -E cmake_link_script CMakeFiles/cmTC_1dea8.dir/link.txt --verbose=1
/usr/bin/cc -fPIC     -rdynamic CMakeFiles/cmTC_1dea8.dir/CheckSymbolExists.c.o  -o cmTC_1dea8 
CMakeFiles/cmTC_1dea8.dir/CheckSymbolExists.c.o: In function `main':
CheckSymbolExists.c:(.text+0x14): undefined reference to `pthread_create'
CheckSymbolExists.c:(.text+0x18): undefined reference to `pthread_create'
collect2: error: ld returned 1 exit status
CMakeFiles/cmTC_1dea8.dir/build.make:97: recipe for target 'cmTC_1dea8' failed
make[1]: *** [cmTC_1dea8] Error 1
make[1]: Leaving directory '/home/austin/Jetson-TX2-tutorial/CMakeFiles/CMakeTmp'
Makefile:126: recipe for target 'cmTC_1dea8/fast' failed
make: *** [cmTC_1dea8/fast] Error 2

File /home/austin/Jetson-TX2-tutorial/CMakeFiles/CMakeTmp/CheckSymbolExists.c:
/* */
#include <pthread.h>

int main(int argc, char** argv)
{
  (void)argv;
#ifndef pthread_create
  return ((int*)(&pthread_create))[argc];
#else
  (void)argc;
  return 0;
#endif
}

Determining if the function pthread_create exists in the pthreads failed with the following output:
Change Dir: /home/austin/Jetson-TX2-tutorial/CMakeFiles/CMakeTmp

Run Build Command:"/usr/bin/make" "cmTC_c4618/fast"
/usr/bin/make -f CMakeFiles/cmTC_c4618.dir/build.make CMakeFiles/cmTC_c4618.dir/build
make[1]: Entering directory '/home/austin/Jetson-TX2-tutorial/CMakeFiles/CMakeTmp'
Building C object CMakeFiles/cmTC_c4618.dir/CheckFunctionExists.c.o
/usr/bin/cc   -fPIC -DCHECK_FUNCTION_EXISTS=pthread_create   -o CMakeFiles/cmTC_c4618.dir/CheckFunctionExists.c.o   -c /usr/share/cmake-3.10/Modules/CheckFunctionExists.c
Linking C executable cmTC_c4618
/usr/bin/cmake -E cmake_link_script CMakeFiles/cmTC_c4618.dir/link.txt --verbose=1
/usr/bin/cc -fPIC -DCHECK_FUNCTION_EXISTS=pthread_create    -rdynamic CMakeFiles/cmTC_c4618.dir/CheckFunctionExists.c.o  -o cmTC_c4618 -lpthreads 
/usr/bin/ld: cannot find -lpthreads
collect2: error: ld returned 1 exit status
CMakeFiles/cmTC_c4618.dir/build.make:97: recipe for target 'cmTC_c4618' failed
make[1]: *** [cmTC_c4618] Error 1
make[1]: Leaving directory '/home/austin/Jetson-TX2-tutorial/CMakeFiles/CMakeTmp'
Makefile:126: recipe for target 'cmTC_c4618/fast' failed
make: *** [cmTC_c4618/fast] Error 2


Determining if the pthread_create exist failed with the following output:
Change Dir: /home/austin/Jetson-TX2-tutorial/Recognition_With_Pics/CMakeFiles/CMakeTmp

Run Build Command:"/usr/bin/make" "cmTC_6390f/fast"
/usr/bin/make -f CMakeFiles/cmTC_6390f.dir/build.make CMakeFiles/cmTC_6390f.dir/build
make[1]: Entering directory '/home/austin/Jetson-TX2-tutorial/Recognition_With_Pics/CMakeFiles/CMakeTmp'
Building C object CMakeFiles/cmTC_6390f.dir/CheckSymbolExists.c.o
/usr/bin/cc   -fPIC    -o CMakeFiles/cmTC_6390f.dir/CheckSymbolExists.c.o   -c /home/austin/Jetson-TX2-tutorial/Recognition_With_Pics/CMakeFiles/CMakeTmp/CheckSymbolExists.c
Linking C executable cmTC_6390f
/usr/bin/cmake -E cmake_link_script CMakeFiles/cmTC_6390f.dir/link.txt --verbose=1
/usr/bin/cc -fPIC     -rdynamic CMakeFiles/cmTC_6390f.dir/CheckSymbolExists.c.o  -o cmTC_6390f 
CMakeFiles/cmTC_6390f.dir/CheckSymbolExists.c.o: In function `main':
CheckSymbolExists.c:(.text+0x14): undefined reference to `pthread_create'
CheckSymbolExists.c:(.text+0x18): undefined reference to `pthread_create'
collect2: error: ld returned 1 exit status
CMakeFiles/cmTC_6390f.dir/build.make:97: recipe for target 'cmTC_6390f' failed
make[1]: *** [cmTC_6390f] Error 1
make[1]: Leaving directory '/home/austin/Jetson-TX2-tutorial/Recognition_With_Pics/CMakeFiles/CMakeTmp'
Makefile:126: recipe for target 'cmTC_6390f/fast' failed
make: *** [cmTC_6390f/fast] Error 2

File /home/austin/Jetson-TX2-tutorial/Recognition_With_Pics/CMakeFiles/CMakeTmp/CheckSymbolExists.c:
/* */
#include <pthread.h>

int main(int argc, char** argv)
{
  (void)argv;
#ifndef pthread_create
  return ((int*)(&pthread_create))[argc];
#else
  (void)argc;
  return 0;
#endif
}

Determining if the function pthread_create exists in the pthreads failed with the following output:
Change Dir: /home/austin/Jetson-TX2-tutorial/Recognition_With_Pics/CMakeFiles/CMakeTmp

Run Build Command:"/usr/bin/make" "cmTC_896e3/fast"
/usr/bin/make -f CMakeFiles/cmTC_896e3.dir/build.make CMakeFiles/cmTC_896e3.dir/build
make[1]: Entering directory '/home/austin/Jetson-TX2-tutorial/Recognition_With_Pics/CMakeFiles/CMakeTmp'
Building C object CMakeFiles/cmTC_896e3.dir/CheckFunctionExists.c.o
/usr/bin/cc   -fPIC -DCHECK_FUNCTION_EXISTS=pthread_create   -o CMakeFiles/cmTC_896e3.dir/CheckFunctionExists.c.o   -c /usr/share/cmake-3.10/Modules/CheckFunctionExists.c
Linking C executable cmTC_896e3
/usr/bin/cmake -E cmake_link_script CMakeFiles/cmTC_896e3.dir/link.txt --verbose=1
/usr/bin/cc -fPIC -DCHECK_FUNCTION_EXISTS=pthread_create    -rdynamic CMakeFiles/cmTC_896e3.dir/CheckFunctionExists.c.o  -o cmTC_896e3 -lpthreads 
/usr/bin/ld: cannot find -lpthreads
collect2: error: ld returned 1 exit status
CMakeFiles/cmTC_896e3.dir/build.make:97: recipe for target 'cmTC_896e3' failed
make[1]: *** [cmTC_896e3] Error 1
make[1]: Leaving directory '/home/austin/Jetson-TX2-tutorial/Recognition_With_Pics/CMakeFiles/CMakeTmp'
Makefile:126: recipe for target 'cmTC_896e3/fast' failed
make: *** [cmTC_896e3/fast] Error 2


